<?xml version="1.0" encoding="UTF-8"?>
<testsuite xmlns:xsi="http://www.w3.org/2001/XMLSchema-instance" xsi:noNamespaceSchemaLocation="https://maven.apache.org/surefire/maven-surefire-plugin/xsd/surefire-test-report-3.0.xsd" version="3.0" name="com.tienda.TiendaApplicationTests" time="2.556" tests="1" errors="0" skipped="0" failures="0">
  <properties>
[...]
</properties>
  <testcase name="contextLoads" classname="com.tienda.TiendaApplicationTests" time="0.678">
    <system-out><![CDATA[19:27:00.074 [main] INFO org.springframework.test.context.support.AnnotationConfigContextLoaderUtils -- Could not detect default configuration classes for test class [com.tienda.TiendaApplicationTests]: TiendaApplicationTests does not declare any static, non-private, non-final, nested classes annotated with @Configuration.
19:27:00.154 [main] INFO org.springframework.boot.test.context.SpringBootTestContextBootstrapper -- Found @SpringBootConfiguration com.tienda.TiendaApplication for test class com.tienda.TiendaApplicationTests
19:27:00.282 [main] INFO org.springframework.boot.devtools.restart.RestartApplicationListener -- Restart disabled due to context in which it is running
07:27  INFO 21348 --- [Tienda] [           main] com.tienda.TiendaApplicationTests        : Starting TiendaApplicationTests using Java 21.0.1 with PID 21348 (started by User in C:\Users\User\Documents\Desarrollo de Aplicaciones Web y Patrones SC-403\dev\Tienda)
07:27  INFO 21348 --- [Tienda] [           main] com.tienda.TiendaApplicationTests        : No active profile set, falling back to 1 default profile: "default"
07:27  INFO 21348 --- [Tienda] [           main] o.s.b.a.w.s.WelcomePageHandlerMapping    : Adding welcome page: class path resource [static/index.html]
07:27  WARN 21348 --- [Tienda] [           main] ion$DefaultTemplateResolverConfiguration : Cannot find template location: classpath:/templates/ (please add some templates, check your Thymeleaf configuration, or set spring.thymeleaf.check-template-location=false)
07:27  INFO 21348 --- [Tienda] [           main] com.tienda.TiendaApplicationTests        : Started TiendaApplicationTests in 1.518 seconds (process running for 2.327)
]]></system-out>
    <system-err><![CDATA[WARNING: A Java agent has been loaded dynamically (C:\Users\User\.m2\repository\net\bytebuddy\byte-buddy-agent\1.14.16\byte-buddy-agent-1.14.16.jar)
WARNING: If a serviceability tool is in use, please run with -XX:+EnableDynamicAgentLoading to hide this warning
WARNING: If a serviceability tool is not in use, please run with -Djdk.instrument.traceUsage for more information
WARNING: Dynamic loading of agents will be disallowed by default in a future release
]]></system-err>
  </testcase>
</testsuite>